<?xml version="1.0" encoding="UTF-8"?>
<!-- Generated by org.testng.reporters.JUnitXMLReporter -->
<testsuite hostname="DESKTOP-4DQJIIJ" ignored="0" name="Default test" tests="3" failures="0" timestamp="14 May 2018 10:49:07 GMT" time="16.7" errors="0">
  <testcase name="Get_Responsedata_live" time="3.028" classname="Get_Request.Get_data_data"/>
  <testcase name="Get_test_response" time="10.298" classname="Get_Request.Get_data_data"/>
  <testcase name="Parse_JSON" time="3.347" classname="Get_Request.Get_data_data"/>
</testsuite> <!-- Default test -->
