<?xml version="1.0" encoding="UTF-8"?>
<!-- Generated by org.testng.reporters.JUnitXMLReporter -->
<testsuite hostname="DESKTOP-4DQJIIJ" ignored="0" name="Test" tests="3" failures="0" timestamp="16 May 2018 10:12:41 GMT" time="16.152" errors="0">
  <testcase name="Get_Responsedata_live" time="3.031" classname="Get_Request.Get_data_data"/>
  <testcase name="Get_test_response" time="11.446" classname="Get_Request.Get_data_data"/>
  <testcase name="Parse_JSON" time="1.648" classname="Get_Request.Get_data_data"/>
</testsuite> <!-- Test -->
