<?xml version="1.0" encoding="UTF-8"?>
<!-- Generated by org.testng.reporters.JUnitXMLReporter -->
<testsuite hostname="DESKTOP-4DQJIIJ" ignored="0" name="Test" tests="3" failures="0" timestamp="16 May 2018 10:18:13 GMT" time="17.838" errors="0">
  <testcase name="Get_Responsedata_live" time="3.836" classname="Get_Request.Get_data_data"/>
  <testcase name="Get_test_response" time="12.23" classname="Get_Request.Get_data_data"/>
  <testcase name="Parse_JSON" time="1.749" classname="Get_Request.Get_data_data"/>
</testsuite> <!-- Test -->
